1677478768687	geckodriver	INFO	Listening on 127.0.0.1:60862
1677478771716	mozrunner::runner	INFO	Running command: "C:\\Program Files\\Mozilla Firefox\\firefox.exe" "--marionette" "--remote-debugging-port" "60863" "--remote-allow-hosts" "localhost" "-no-remote" "-profile" "C:\\Users\\ryan\\AppData\\Local\\Temp\\rust_mozprofileCKlBDM"
console.warn: services.settings: Ignoring preference override of remote settings server
console.warn: services.settings: Allow by setting MOZ_REMOTE_SETTINGS_DEVTOOLS=1 in the environment
1677478772047	Marionette	INFO	Marionette enabled
Dynamically enable window occlusion 0
1677478772053	Marionette	INFO	Listening on port 60879
WebDriver BiDi listening on ws://127.0.0.1:60863
Read port: 60879
1677478772341	RemoteAgent	WARN	TLS certificate errors will be ignored for this session
console.warn: SearchSettings: "get: No settings file exists, new profile?" (new NotFoundError("Could not open the file at C:\\Users\\ryan\\AppData\\Local\\Temp\\rust_mozprofileCKlBDM\\search.json.mozlz4", (void 0)))
DevTools listening on ws://127.0.0.1:60863/devtools/browser/778563f3-4a05-4b23-af66-5c11dd9e3c8e
JavaScript warning: https://z.moatads.com/zillowgamdisplay501800116559/moatad.js#moatClientLevel1=4644027748&moatClientLevel2=3126578869&moatClientLevel3=6184611274&moatClientLevel4=138421009639&moatClientSlicer1=31751151&moatClientSlicer2=21885118207&zMoatPS=&zMoatAdUnitPath=/7449/zillow/search_results_1/buy_general/search_1&zMoatSZ=0x0, line 238: WEBGL_debug_renderer_info is deprecated in Firefox and will be removed. Please use RENDERER.
JavaScript warning: https://pagead2.googlesyndication.com/bg/7Lg35lthZ5bMa2_BIKuudMRVkX-RcQ_BXpABKM-oZgA.js line 2 > eval line 4628 > eval line 1 > eval line 1 > eval, line 1: WEBGL_debug_renderer_info is deprecated in Firefox and will be removed. Please use RENDERER.
console.warn: services.settings: Ignoring preference override of remote settings server
console.warn: services.settings: Allow by setting MOZ_REMOTE_SETTINGS_DEVTOOLS=1 in the environment
console.error: (new TypeError("lazy.AsyncShutdown.profileBeforeChange is undefined", "resource://services-settings/Database.jsm", 603))
JavaScript error: , line 0: TypeError: NetworkError when attempting to fetch resource.
console.warn: services.settings: Ignoring preference override of remote settings server
console.warn: services.settings: Allow by setting MOZ_REMOTE_SETTINGS_DEVTOOLS=1 in the environment
console.error: (new TypeError("lazy.AsyncShutdown.profileBeforeChange is undefined", "resource://services-settings/Database.jsm", 603))
1677480285393	Marionette	INFO	Stopped listening on port 60879
Dynamically enable window occlusion 1
Settings: "get: No settings file exists, new profile?" (new NotFoundError("Could not open the file at C:\\Users\\ryan\\AppData\\Local\\Temp\\rust_mozprofileWMb785\\search.json.mozlz4", (void 0)))
DevTools listening on ws://127.0.0.1:61277/devtools/browser/b1f02aa7-8a0f-46d7-a4a7-4cad75a04903
JavaScript warning: https://z.moatads.com/zillowgamdisplay501800116559/moatad.js#moatClientLevel1=102939351&moatClientLevel2=2707579588&moatClientLevel3=5398313903&moatClientLevel4=138314257806&moatClientSlicer1=31751151&moatClientSlicer2=21888263364&zMoatPS=&zMoatAdUnitPath=/7449/zillow/search_results_1/buy_general/b_right_p1&zMoatSZ=1x1, line 238: WEBGL_debug_renderer_info is deprecated in Firefox and will be removed. Please use RENDERER.
JavaScript warning: https://z.moatads.com/zillowgamdisplay501800116559/moatad.js#moatClientLevel1=4644027748&moatClientLevel2=3126578869&moatClientLevel3=6184611274&moatClientLevel4=138421009639&moatClientSlicer1=31751151&moatClientSlicer2=21885118207&zMoatPS=&zMoatAdUnitPath=/7449/zillow/search_results_1/buy_general/search_1&zMoatSZ=0x0, line 238: WEBGL_debug_renderer_info is deprecated in Firefox and will be removed. Please use RENDERER.
JavaScript warning: https://pagead2.googlesyndication.com/bg/7Lg35lthZ5bMa2_BIKuudMRVkX-RcQ_BXpABKM-oZgA.js line 2 > eval line 197 > eval line 1 > eval line 1 > eval, line 1: WEBGL_debug_renderer_info is deprecated in Firefox and will be removed. Please use RENDERER.
console.warn: services.settings: Ignoring preference override of remote settings server
console.warn: services.settings: Allow by setting MOZ_REMOTE_SETTINGS_DEVTOOLS=1 in the environment
console.error: (new TypeError("lazy.AsyncShutdown.profileBeforeChange is undefined", "resource://services-settings/Database.jsm", 603))
console.warn: services.settings: Ignoring preference override of remote settings server
console.warn: services.settings: Allow by setting MOZ_REMOTE_SETTINGS_DEVTOOLS=1 in the environment
console.error: (new TypeError("lazy.AsyncShutdown.profileBeforeChange is undefined", "resource://services-settings/Database.jsm", 603))
1677480182563	Marionette	INFO	Stopped listening on port 61286
Dynamically enable window occlusion 1
JavaScript error: , line 0: TypeError: NetworkError when attempting to fetch resource.
JavaScript error: , line 0: TypeError: NetworkError when attempting to fetch resource.
ebuffer, no dt
console.warn: SearchSettings: "get: No settings file exists, new profile?" (new NotFoundError("Could not open the file at C:\\Users\\ryan\\AppData\\Local\\Temp\\rust_mozprofileSahBQA\\search.json.mozlz4", (void 0)))
console.error: ({})
DevTools listening on ws://127.0.0.1:61714/devtools/browser/f602ddca-86e8-44cf-a707-97c934c703bb
JavaScript warning: https://pagead2.googlesyndication.com/bg/7Lg35lthZ5bMa2_BIKuudMRVkX-RcQ_BXpABKM-oZgA.js line 2 > eval line 6190 > eval line 1 > eval line 1 > eval, line 1: WEBGL_debug_renderer_info is deprecated in Firefox and will be removed. Please use RENDERER.
JavaScript warning: https://z.moatads.com/zillowgamdisplay501800116559/moatad.js#moatClientLevel1=4644027748&moatClientLevel2=3126578869&moatClientLevel3=6184611274&moatClientLevel4=138418359939&moatClientSlicer1=31751151&moatClientSlicer2=21885118207&zMoatPS=&zMoatAdUnitPath=/7449/zillow/search_results_1/buy_general/search_1&zMoatSZ=0x0, line 238: WEBGL_debug_renderer_info is deprecated in Firefox and will be removed. Please use RENDERER.
JavaScript warning: https://z.moatads.com/zillowgamdisplay501800116559/moatad.js#moatClientLevel1=102939351&moatClientLevel2=2707579588&moatClientLevel3=5398313900&moatClientLevel4=138314256008&moatClientSlicer1=31751151&moatClientSlicer2=21888263364&zMoatPS=&zMoatAdUnitPath=/7449/zillow/search_results_1/buy_general/b_right_p1&zMoatSZ=1x1, line 238: WEBGL_debug_renderer_info is deprecated in Firefox and will be removed. Please use RENDERER.
JavaScript warning: https://pagead2.googlesyndication.com/bg/6N6xbrRFdMEff8Jis_shwjAW5G8di4zE4BhK3Aw40Jc.js line 2 > eval line 5853 > eval line 1 > eval line 1 > eval, line 1: WEBGL_debug_renderer_info is deprecated in Firefox and will be removed. Please use RENDERER.
Exiting due to channel error.
Exiting due to channel error.
Exiting due to channel error.
Exiting due to channel error.
Exiting due to channel error.
Exiting due to channel error.
Exiting due to channel error.
Exiting due to channel error.
1677706153492	geckodriver	INFO	Listening on 127.0.0.1:60843
1677706156544	mozrunner::runner	INFO	Running command: "C:\\Program Files\\Mozilla Firefox\\firefox.exe" "--marionette" "-headless" "--remote-debugging-port" "60844" "--remote-allow-hosts" "localhost" "-no-remote" "-profile" "C:\\Users\\ryan\\AppData\\Local\\Temp\\rust_mozprofilesAARC3"
*** You are running in headless mode.
console.warn: services.settings: Ignoring preference override of remote settings server
console.warn: services.settings: Allow by setting MOZ_REMOTE_SETTINGS_DEVTOOLS=1 in the environment
1677706157116	Marionette	INFO	Marionette enabled
Dynamically enable window occlusion 0
1677706157120	Marionette	INFO	Listening on port 60852
WebDriver BiDi listening on ws://127.0.0.1:60844
Read port: 60852
1677706157362	RemoteAgent	WARN	TLS certificate errors will be ignored for this session
[GFX1-]: RenderCompositorSWGL failed mapping default framebuffer, no dt
console.warn: SearchSettings: "get: No settings file exists, new profile?" (new NotFoundError("Could not open the file at C:\\Users\\ryan\\AppData\\Local\\Temp\\rust_mozprofilesAARC3\\search.json.mozlz4", (void 0)))
console.error: ({})
DevTools listening on ws://127.0.0.1:60844/devtools/browser/5d02d999-8da5-4fb3-babe-50eb63788ee8
1677706162770	Marionette	WARN	Ignoring event 'pageshow' because document has an invalid readyState of 'interactive'.
1677706162776	Marionette	WARN	Ignoring event 'pageshow' because document has an invalid readyState of 'interactive'.
1677706162781	Marionette	WARN	Ignoring event 'pageshow' because document has an invalid readyState of 'interactive'.
1677706162787	Marionette	WARN	Ignoring event 'pageshow' because document has an invalid readyState of 'interactive'.
1677706162792	Marionette	WARN	Ignoring event 'pageshow' because document has an invalid readyState of 'interactive'.
1677706162796	Marionette	WARN	Ignoring event 'pageshow' because document has an invalid readyState of 'interactive'.
1677706162802	Marionette	WARN	Ignoring event 'pageshow' because document has an invalid readyState of 'interactive'.
1677706162806	Marionette	WARN	Ignoring event 'pageshow' because document has an invalid readyState of 'interactive'.
1677706162813	Marionette	WARN	Ignoring event 'pageshow' because document has an invalid readyState of 'interactive'.
1677706162817	Marionette	WARN	Ignoring event 'pageshow' because document has an invalid readyState of 'interactive'.
1677706164000	Marionette	WARN	Ignoring event 'pageshow' because document has an invalid readyState of 'interactive'.
1677706164005	Marionette	WARN	Ignoring event 'pageshow' because document has an invalid readyState of 'interactive'.
1677706164009	Marionette	WARN	Ignoring event 'pageshow' because document has an invalid readyState of 'interactive'.
1677706164016	Marionette	WARN	Ignoring event 'pageshow' because document has an invalid readyState of 'interactive'.
1677706164021	Marionette	WARN	Ignoring event 'pageshow' because document has an invalid readyState of 'interactive'.
1677706164026	Marionette	WARN	Ignoring event 'pageshow' because document has an invalid readyState of 'interactive'.
1677706164030	Marionette	WARN	Ignoring event 'pageshow' because document has an invalid readyState of 'interactive'.
1677706164034	Marionette	WARN	Ignoring event 'pageshow' because document has an invalid readyState of 'interactive'.
1677706164037	Marionette	WARN	Ignoring event 'pageshow' because document has an invalid readyState of 'interactive'.
1677706164043	Marionette	WARN	Ignoring event 'pageshow' because document has an invalid readyState of 'interactive'.
1677706164960	Marionette	WARN	Ignoring event 'pageshow' because document has an invalid readyState of 'interactive'.
1677706164965	Marionette	WARN	Ignoring event 'pageshow' because document has an invalid readyState of 'interactive'.
1677706164971	Marionette	WARN	Ignoring event 'pageshow' because document has an invalid readyState of 'interactive'.
1677706164975	Marionette	WARN	Ignoring event 'pageshow' because document has an invalid readyState of 'interactive'.
1677706164980	Marionette	WARN	Ignoring event 'pageshow' because document has an invalid readyState of 'interactive'.
1677706164985	Marionette	WARN	Ignoring event 'pageshow' because document has an invalid readyState of 'interactive'.
1677706164991	Marionette	WARN	Ignoring event 'pageshow' because document has an invalid readyState of 'interactive'.
1677706164996	Marionette	WARN	Ignoring event 'pageshow' because document has an invalid readyState of 'interactive'.
1677706165000	Marionette	WARN	Ignoring event 'pageshow' because document has an invalid readyState of 'interactive'.
1677706165004	Marionette	WARN	Ignoring event 'pageshow' because document has an invalid readyState of 'interactive'.
1677706166224	Marionette	WARN	Ignoring event 'pageshow' because document has an invalid readyState of 'interactive'.
1677706166230	Marionette	WARN	Ignoring event 'pageshow' because document has an invalid readyState of 'interactive'.
1677706166235	Marionette	WARN	Ignoring event 'pageshow' because document has an invalid readyState of 'interactive'.
1677706166238	Marionette	WARN	Ignoring event 'pageshow' because document has an invalid readyState of 'interactive'.
1677706166243	Marionette	WARN	Ignoring event 'pageshow' because document has an invalid readyState of 'interactive'.
1677706166248	Marionette	WARN	Ignoring event 'pageshow' because document has an invalid readyState of 'interactive'.
1677706166252	Marionette	WARN	Ignoring event 'pageshow' because document has an invalid readyState of 'interactive'.
1677706166256	Marionette	WARN	Ignoring event 'pageshow' because document has an invalid readyState of 'interactive'.
1677706166260	Marionette	WARN	Ignoring event 'pageshow' because document has an invalid readyState of 'interactive'.
1677706166268	Marionette	WARN	Ignoring event 'pageshow' because document has an invalid readyState of 'interactive'.
1677706167541	Marionette	WARN	Ignoring event 'pageshow' because document has an invalid readyState of 'interactive'.
1677706167546	Marionette	WARN	Ignoring event 'pageshow' because document has an invalid readyState of 'interactive'.
1677706167550	Marionette	WARN	Ignoring event 'pageshow' because document has an invalid readyState of 'interactive'.
1677706167554	Marionette	WARN	Ignoring event 'pageshow' because document has an invalid readyState of 'interactive'.
1677706167560	Marionette	WARN	Ignoring event 'pageshow' because document has an invalid readyState of 'interactive'.
1677706167565	Marionette	WARN	Ignoring event 'pageshow' because document has an invalid readyState of 'interactive'.
1677706167571	Marionette	WARN	Ignoring event 'pageshow' because document has an invalid readyState of 'interactive'.
1677706167575	Marionette	WARN	Ignoring event 'pageshow' because document has an invalid readyState of 'interactive'.
1677706167579	Marionette	WARN	Ignoring event 'pageshow' because document has an invalid readyState of 'interactive'.
1677706167583	Marionette	WARN	Ignoring event 'pageshow' because document has an invalid readyState of 'interactive'.
1677706168743	Marionette	WARN	Ignoring event 'pageshow' because document has an invalid readyState of 'interactive'.
1677706168748	Marionette	WARN	Ignoring event 'pageshow' because document has an invalid readyState of 'interactive'.
1677706168752	Marionette	WARN	Ignoring event 'pageshow' because document has an invalid readyState of 'interactive'.
1677706168756	Marionette	WARN	Ignoring event 'pageshow' because document has an invalid readyState of 'interactive'.
1677706168762	Marionette	WARN	Ignoring event 'pageshow' because document has an invalid readyState of 'interactive'.
1677706168769	Marionette	WARN	Ignoring event 'pageshow' because document has an invalid readyState of 'interactive'.
1677706168774	Marionette	WARN	Ignoring event 'pageshow' because document has an invalid readyState of 'interactive'.
1677706168778	Marionette	WARN	Ignoring event 'pageshow' because document has an invalid readyState of 'interactive'.
1677706168782	Marionette	WARN	Ignoring event 'pageshow' because document has an invalid readyState of 'interactive'.
1677706168786	Marionette	WARN	Ignoring event 'pageshow' because document has an invalid readyState of 'interactive'.
1677706169793	Marionette	WARN	Ignoring event 'pageshow' because document has an invalid readyState of 'interactive'.
1677706169799	Marionette	WARN	Ignoring event 'pageshow' because document has an invalid readyState of 'interactive'.
1677706169805	Marionette	WARN	Ignoring event 'pageshow' because document has an invalid readyState of 'interactive'.
1677706169810	Marionette	WARN	Ignoring event 'pageshow' because document has an invalid readyState of 'interactive'.
1677706169816	Marionette	WARN	Ignoring event 'pageshow' because document has an invalid readyState of 'interactive'.
1677706169820	Marionette	WARN	Ignoring event 'pageshow' because document has an invalid readyState of 'interactive'.
1677706169824	Marionette	WARN	Ignoring event 'pageshow' because document has an invalid readyState of 'interactive'.
1677706169828	Marionette	WARN	Ignoring event 'pageshow' because document has an invalid readyState of 'interactive'.
1677706169832	Marionette	WARN	Ignoring event 'pageshow' because document has an invalid readyState of 'interactive'.
1677706169836	Marionette	WARN	Ignoring event 'pageshow' because document has an invalid readyState of 'interactive'.
1677706171008	Marionette	WARN	Ignoring event 'pageshow' because document has an invalid readyState of 'interactive'.
1677706171013	Marionette	WARN	Ignoring event 'pageshow' because document has an invalid readyState of 'interactive'.
1677706171018	Marionette	WARN	Ignoring event 'pageshow' because document has an invalid readyState of 'interactive'.
1677706171024	Marionette	WARN	Ignoring event 'pageshow' because document has an invalid readyState of 'interactive'.
1677706171030	Marionette	WARN	Ignoring event 'pageshow' because document has an invalid readyState of 'interactive'.
1677706171035	Marionette	WARN	Ignoring event 'pageshow' because document has an invalid readyState of 'interactive'.
1677706171040	Marionette	WARN	Ignoring event 'pageshow' because document has an invalid readyState of 'interactive'.
1677706171044	Marionette	WARN	Ignoring event 'pageshow' because document has an invalid readyState of 'interactive'.
1677706171049	Marionette	WARN	Ignoring event 'pageshow' because document has an invalid readyState of 'interactive'.
1677706171055	Marionette	WARN	Ignoring event 'pageshow' because document has an invalid readyState of 'interactive'.
1677706172233	Marionette	WARN	Ignoring event 'pageshow' because document has an invalid readyState of 'interactive'.
1677706172239	Marionette	WARN	Ignoring event 'pageshow' because document has an invalid readyState of 'interactive'.
1677706172245	Marionette	WARN	Ignoring event 'pageshow' because document has an invalid readyState of 'interactive'.
1677706172255	Marionette	WARN	Ignoring event 'pageshow' because document has an invalid readyState of 'interactive'.
1677706172259	Marionette	WARN	Ignoring event 'pageshow' because document has an invalid readyState of 'interactive'.
1677706172264	Marionette	WARN	Ignoring event 'pageshow' because document has an invalid readyState of 'interactive'.
1677706172268	Marionette	WARN	Ignoring event 'pageshow' because document has an invalid readyState of 'interactive'.
1677706172272	Marionette	WARN	Ignoring event 'pageshow' because document has an invalid readyState of 'interactive'.
1677706172280	Marionette	WARN	Ignoring event 'pageshow' because document has an invalid readyState of 'interactive'.
1677706172285	Marionette	WARN	Ignoring event 'pageshow' because document has an invalid readyState of 'interactive'.
1677706173452	Marionette	WARN	Ignoring event 'pageshow' because document has an invalid readyState of 'interactive'.
1677706173459	Marionette	WARN	Ignoring event 'pageshow' because document has an invalid readyState of 'interactive'.
1677706173463	Marionette	WARN	Ignoring event 'pageshow' because document has an invalid readyState of 'interactive'.
1677706173469	Marionette	WARN	Ignoring event 'pageshow' because document has an invalid readyState of 'interactive'.
1677706173473	Marionette	WARN	Ignoring event 'pageshow' because document has an invalid readyState of 'interactive'.
1677706173478	Marionette	WARN	Ignoring event 'pageshow' because document has an invalid readyState of 'interactive'.
1677706173484	Marionette	WARN	Ignoring event 'pageshow' because document has an invalid readyState of 'interactive'.
1677706173488	Marionette	WARN	Ignoring event 'pageshow' because document has an invalid readyState of 'interactive'.
1677706173492	Marionette	WARN	Ignoring event 'pageshow' because document has an invalid readyState of 'interactive'.
1677706173496	Marionette	WARN	Ignoring event 'pageshow' because document has an invalid readyState of 'interactive'.
1677706174636	Marionette	WARN	Ignoring event 'pageshow' because document has an invalid readyState of 'interactive'.
1677706174642	Marionette	WARN	Ignoring event 'pageshow' because document has an invalid readyState of 'interactive'.
1677706174648	Marionette	WARN	Ignoring event 'pageshow' because document has an invalid readyState of 'interactive'.
1677706174654	Marionette	WARN	Ignoring event 'pageshow' because document has an invalid readyState of 'interactive'.
1677706174660	Marionette	WARN	Ignoring event 'pageshow' because document has an invalid readyState of 'interactive'.
1677706174665	Marionette	WARN	Ignoring event 'pageshow' because document has an invalid readyState of 'interactive'.
1677706174673	Marionette	WARN	Ignoring event 'pageshow' because document has an invalid readyState of 'interactive'.
1677706174677	Marionette	WARN	Ignoring event 'pageshow' because document has an invalid readyState of 'interactive'.
1677706174681	Marionette	WARN	Ignoring event 'pageshow' because document has an invalid readyState of 'interactive'.
1677706174685	Marionette	WARN	Ignoring event 'pageshow' because document has an invalid readyState of 'interactive'.
1677706175598	Marionette	WARN	Ignoring event 'pageshow' because document has an invalid readyState of 'interactive'.
1677706175603	Marionette	WARN	Ignoring event 'pageshow' because document has an invalid readyState of 'interactive'.
1677706175610	Marionette	WARN	Ignoring event 'pageshow' because document has an invalid readyState of 'interactive'.
1677706175614	Marionette	WARN	Ignoring event 'pageshow' because document has an invalid readyState of 'interactive'.
1677706175619	Marionette	WARN	Ignoring event 'pageshow' because document has an invalid readyState of 'interactive'.
1677706175625	Marionette	WARN	Ignoring event 'pageshow' because document has an invalid readyState of 'interactive'.
1677706175629	Marionette	WARN	Ignoring event 'pageshow' because document has an invalid readyState of 'interactive'.
1677706175633	Marionette	WARN	Ignoring event 'pageshow' because document has an invalid readyState of 'interactive'.
1677706175637	Marionette	WARN	Ignoring event 'pageshow' because document has an invalid readyState of 'interactive'.
1677706175641	Marionette	WARN	Ignoring event 'pageshow' because document has an invalid readyState of 'interactive'.
1677706176857	Marionette	WARN	Ignoring event 'pageshow' because document has an invalid readyState of 'interactive'.
1677706176861	Marionette	WARN	Ignoring event 'pageshow' because document has an invalid readyState of 'interactive'.
1677706176866	Marionette	WARN	Ignoring event 'pageshow' because document has an invalid readyState of 'interactive'.
1677706176877	Marionette	WARN	Ignoring event 'pageshow' because document has an invalid readyState of 'interactive'.
1677706176881	Marionette	WARN	Ignoring event 'pageshow' because document has an invalid readyState of 'interactive'.
1677706176885	Marionette	WARN	Ignoring event 'pageshow' because document has an invalid readyState of 'interactive'.
1677706176888	Marionette	WARN	Ignoring event 'pageshow' because document has an invalid readyState of 'interactive'.
1677706176893	Marionette	WARN	Ignoring event 'pageshow' because document has an invalid readyState of 'interactive'.
1677706176898	Marionette	WARN	Ignoring event 'pageshow' because document has an invalid readyState of 'interactive'.
1677706176905	Marionette	WARN	Ignoring event 'pageshow' because document has an invalid readyState of 'interactive'.
1677706178247	Marionette	WARN	Ignoring event 'pageshow' because document has an invalid readyState of 'interactive'.
1677706178253	Marionette	WARN	Ignoring event 'pageshow' because document has an invalid readyState of 'interactive'.
1677706178258	Marionette	WARN	Ignoring event 'pageshow' because document has an invalid readyState of 'interactive'.
1677706178265	Marionette	WARN	Ignoring event 'pageshow' because document has an invalid readyState of 'interactive'.
1677706178268	Marionette	WARN	Ignoring event 'pageshow' because document has an invalid readyState of 'interactive'.
1677706178272	Marionette	WARN	Ignoring event 'pageshow' because document has an invalid readyState of 'interactive'.
1677706178276	Marionette	WARN	Ignoring event 'pageshow' because document has an invalid readyState of 'interactive'.
1677706178281	Marionette	WARN	Ignoring event 'pageshow' because document has an invalid readyState of 'interactive'.
1677706178285	Marionette	WARN	Ignoring event 'pageshow' because document has an invalid readyState of 'interactive'.
1677706178288	Marionette	WARN	Ignoring event 'pageshow' because document has an invalid readyState of 'interactive'.
1677706179473	Marionette	WARN	Ignoring event 'pageshow' because document has an invalid readyState of 'interactive'.
1677706179479	Marionette	WARN	Ignoring event 'pageshow' because document has an invalid readyState of 'interactive'.
1677706179484	Marionette	WARN	Ignoring event 'pageshow' because document has an invalid readyState of 'interactive'.
1677706179488	Marionette	WARN	Ignoring event 'pageshow' because document has an invalid readyState of 'interactive'.
1677706179492	Marionette	WARN	Ignoring event 'pageshow' because document has an invalid readyState of 'interactive'.
1677706179497	Marionette	WARN	Ignoring event 'pageshow' because document has an invalid readyState of 'interactive'.
1677706179502	Marionette	WARN	Ignoring event 'pageshow' because document has an invalid readyState of 'interactive'.
1677706179506	Marionette	WARN	Ignoring event 'pageshow' because document has an invalid readyState of 'interactive'.
1677706179510	Marionette	WARN	Ignoring event 'pageshow' because document has an invalid readyState of 'interactive'.
1677706179516	Marionette	WARN	Ignoring event 'pageshow' because document has an invalid readyState of 'interactive'.
1677706180793	Marionette	WARN	Ignoring event 'pageshow' because document has an invalid readyState of 'interactive'.
1677706180800	Marionette	WARN	Ignoring event 'pageshow' because document has an invalid readyState of 'interactive'.
1677706180805	Marionette	WARN	Ignoring event 'pageshow' because document has an invalid readyState of 'interactive'.
1677706180808	Marionette	WARN	Ignoring event 'pageshow' because document has an invalid readyState of 'interactive'.
1677706180813	Marionette	WARN	Ignoring event 'pageshow' because document has an invalid readyState of 'interactive'.
1677706180817	Marionette	WARN	Ignoring event 'pageshow' because document has an invalid readyState of 'interactive'.
1677706180821	Marionette	WARN	Ignoring event 'pageshow' because document has an invalid readyState of 'interactive'.
1677706180825	Marionette	WARN	Ignoring event 'pageshow' because document has an invalid readyState of 'interactive'.
1677706180828	Marionette	WARN	Ignoring event 'pageshow' because document has an invalid readyState of 'interactive'.
1677706180831	Marionette	WARN	Ignoring event 'pageshow' because document has an invalid readyState of 'interactive'.
1677706182021	Marionette	WARN	Ignoring event 'pageshow' because document has an invalid readyState of 'interactive'.
1677706182026	Marionette	WARN	Ignoring event 'pageshow' because document has an invalid readyState of 'interactive'.
1677706182030	Marionette	WARN	Ignoring event 'pageshow' because document has an invalid readyState of 'interactive'.
1677706182035	Marionette	WARN	Ignoring event 'pageshow' because document has an invalid readyState of 'interactive'.
1677706182040	Marionette	WARN	Ignoring event 'pageshow' because document has an invalid readyState of 'interactive'.
1677706182047	Marionette	WARN	Ignoring event 'pageshow' because document has an invalid readyState of 'interactive'.
1677706182052	Marionette	WARN	Ignoring event 'pageshow' because document has an invalid readyState of 'interactive'.
1677706182056	Marionette	WARN	Ignoring event 'pageshow' because document has an invalid readyState of 'interactive'.
1677706182062	Marionette	WARN	Ignoring event 'pageshow' because document has an invalid readyState of 'interactive'.
1677706182067	Marionette	WARN	Ignoring event 'pageshow' because document has an invalid readyState of 'interactive'.
1677706183330	Marionette	WARN	Ignoring event 'pageshow' because document has an invalid readyState of 'interactive'.
1677706183336	Marionette	WARN	Ignoring event 'pageshow' because document has an invalid readyState of 'interactive'.
1677706183340	Marionette	WARN	Ignoring event 'pageshow' because document has an invalid readyState of 'interactive'.
1677706183346	Marionette	WARN	Ignoring event 'pageshow' because document has an invalid readyState of 'interactive'.
1677706183351	Marionette	WARN	Ignoring event 'pageshow' because document has an invalid readyState of 'interactive'.
1677706183355	Marionette	WARN	Ignoring event 'pageshow' because document has an invalid readyState of 'interactive'.
1677706183362	Marionette	WARN	Ignoring event 'pageshow' because document has an invalid readyState of 'interactive'.
1677706183366	Marionette	WARN	Ignoring event 'pageshow' because document has an invalid readyState of 'interactive'.
1677706183370	Marionette	WARN	Ignoring event 'pageshow' because document has an invalid readyState of 'interactive'.
1677706183374	Marionette	WARN	Ignoring event 'pageshow' because document has an invalid readyState of 'interactive'.
1677706184804	Marionette	WARN	Ignoring event 'pageshow' because document has an invalid readyState of 'interactive'.
1677706184808	Marionette	WARN	Ignoring event 'pageshow' because document has an invalid readyState of 'interactive'.
1677706184812	Marionette	WARN	Ignoring event 'pageshow' because document has an invalid readyState of 'interactive'.
1677706184816	Marionette	WARN	Ignoring event 'pageshow' because document has an invalid readyState of 'interactive'.
1677706184822	Marionette	WARN	Ignoring event 'pageshow' because document has an invalid readyState of 'interactive'.
1677706184826	Marionette	WARN	Ignoring event 'pageshow' because document has an invalid readyState of 'interactive'.
1677706184832	Marionette	WARN	Ignoring event 'pageshow' because document has an invalid readyState of 'interactive'.
1677706184837	Marionette	WARN	Ignoring event 'pageshow' because document has an invalid readyState of 'interactive'.
1677706184842	Marionette	WARN	Ignoring event 'pageshow' because document has an invalid readyState of 'interactive'.
1677706184846	Marionette	WARN	Ignoring event 'pageshow' because document has an invalid readyState of 'interactive'.
JavaScript error: , line 0: NS_ERROR_NOT_AVAILABLE
1:61016
1677706427974	mozrunner::runner	INFO	Running command: "C:\\Program Files\\Mozilla Firefox\\firefox.exe" "--marionette" "-headless" "--remote-debugging-port" "61017" "--remote-allow-hosts" "localhost" "-no-remote" "-profile" "C:\\Users\\ryan\\AppData\\Local\\Temp\\rust_mozprofileGrJjlh"
*** You are running in headless mode.
console.warn: services.settings: Ignoring preference override of remote settings server
console.warn: services.settings: Allow by setting MOZ_REMOTE_SETTINGS_DEVTOOLS=1 in the environment
1677706428333	Marionette	INFO	Marionette enabled
Dynamically enable window occlusion 0
1677706428337	Marionette	INFO	Listening on port 61024
WebDriver BiDi listening on ws://127.0.0.1:61017
Read port: 61024
1677706428580	RemoteAgent	WARN	TLS certificate errors will be ignored for this session
[GFX1-]: RenderCompositorSWGL failed mapping default framebuffer, no dt
console.warn: SearchSettings: "get: No settings file exists, new profile?" (new NotFoundError("Could not open the file at C:\\Users\\ryan\\AppData\\Local\\Temp\\rust_mozprofileGrJjlh\\search.json.mozlz4", (void 0)))
console.error: ({})
DevTools listening on ws://127.0.0.1:61017/devtools/browser/742514c4-b0d9-42c7-bfd0-543a37ddb64a
1677706446282	Marionette	WARN	Ignoring event 'pageshow' because document has an invalid readyState of 'interactive'.
1677706446295	Marionette	WARN	Ignoring event 'pageshow' because document has an invalid readyState of 'interactive'.
1677706446302	Marionette	WARN	Ignoring event 'pageshow' because document has an invalid readyState of 'interactive'.
1677706446308	Marionette	WARN	Ignoring event 'pageshow' because document has an invalid readyState of 'interactive'.
1677706446315	Marionette	WARN	Ignoring event 'pageshow' because document has an invalid readyState of 'interactive'.
1677706446323	Marionette	WARN	Ignoring event 'pageshow' because document has an invalid readyState of 'interactive'.
1677706446330	Marionette	WARN	Ignoring event 'pageshow' because document has an invalid readyState of 'interactive'.
1677706446337	Marionette	WARN	Ignoring event 'pageshow' because document has an invalid readyState of 'interactive'.
1677706446342	Marionette	WARN	Ignoring event 'pageshow' because document has an invalid readyState of 'interactive'.
1677706446347	Marionette	WARN	Ignoring event 'pageshow' because document has an invalid readyState of 'interactive'.
1677706447213	Marionette	WARN	Ignoring event 'pageshow' because document has an invalid readyState of 'interactive'.
1677706447219	Marionette	WARN	Ignoring event 'pageshow' because document has an invalid readyState of 'interactive'.
1677706447225	Marionette	WARN	Ignoring event 'pageshow' because document has an invalid readyState of 'interactive'.
1677706447231	Marionette	WARN	Ignoring event 'pageshow' because document has an invalid readyState of 'interactive'.
1677706447237	Marionette	WARN	Ignoring event 'pageshow' because document has an invalid readyState of 'interactive'.
1677706447245	Marionette	WARN	Ignoring event 'pageshow' because document has an invalid readyState of 'interactive'.
1677706447253	Marionette	WARN	Ignoring event 'pageshow' because document has an invalid readyState of 'interactive'.
1677706447257	Marionette	WARN	Ignoring event 'pageshow' because document has an invalid readyState of 'interactive'.
1677706447263	Marionette	WARN	Ignoring event 'pageshow' because document has an invalid readyState of 'interactive'.
1677706447268	Marionette	WARN	Ignoring event 'pageshow' because document has an invalid readyState of 'interactive'.
1677706448033	Marionette	WARN	Ignoring event 'pageshow' because document has an invalid readyState of 'interactive'.
1677706448040	Marionette	WARN	Ignoring event 'pageshow' because document has an invalid readyState of 'interactive'.
1677706448048	Marionette	WARN	Ignoring event 'pageshow' because document has an invalid readyState of 'interactive'.
1677706448054	Marionette	WARN	Ignoring event 'pageshow' because document has an invalid readyState of 'interactive'.
1677706448061	Marionette	WARN	Ignoring event 'pageshow' because document has an invalid readyState of 'interactive'.
1677706448069	Marionette	WARN	Ignoring event 'pageshow' because document has an invalid readyState of 'interactive'.
1677706448075	Marionette	WARN	Ignoring event 'pageshow' because document has an invalid readyState of 'interactive'.
1677706448081	Marionette	WARN	Ignoring event 'pageshow' because document has an invalid readyState of 'interactive'.
1677706448088	Marionette	WARN	Ignoring event 'pageshow' because document has an invalid readyState of 'interactive'.
1677706448098	Marionette	WARN	Ignoring event 'pageshow' because document has an invalid readyState of 'interactive'.
1677706448860	Marionette	WARN	Ignoring event 'pageshow' because document has an invalid readyState of 'interactive'.
1677706448866	Marionette	WARN	Ignoring event 'pageshow' because document has an invalid readyState of 'interactive'.
1677706448873	Marionette	WARN	Ignoring event 'pageshow' because document has an invalid readyState of 'interactive'.
1677706448879	Marionette	WARN	Ignoring event 'pageshow' because document has an invalid readyState of 'interactive'.
1677706448884	Marionette	WARN	Ignoring event 'pageshow' because document has an invalid readyState of 'interactive'.
1677706448892	Marionette	WARN	Ignoring event 'pageshow' because document has an invalid readyState of 'interactive'.
1677706448899	Marionette	WARN	Ignoring event 'pageshow' because document has an invalid readyState of 'interactive'.
1677706448906	Marionette	WARN	Ignoring event 'pageshow' because document has an invalid readyState of 'interactive'.
1677706448918	Marionette	WARN	Ignoring event 'pageshow' because document has an invalid readyState of 'interactive'.
1677706448924	Marionette	WARN	Ignoring event 'pageshow' because document has an invalid readyState of 'interactive'.
1677706449797	Marionette	WARN	Ignoring event 'pageshow' because document has an invalid readyState of 'interactive'.
1677706449803	Marionette	WARN	Ignoring event 'pageshow' because document has an invalid readyState of 'interactive'.
1677706449809	Marionette	WARN	Ignoring event 'pageshow' because document has an invalid readyState of 'interactive'.
1677706449816	Marionette	WARN	Ignoring event 'pageshow' because document has an invalid readyState of 'interactive'.
1677706449821	Marionette	WARN	Ignoring event 'pageshow' because document has an invalid readyState of 'interactive'.
1677706449828	Marionette	WARN	Ignoring event 'pageshow' because document has an invalid readyState of 'interactive'.
1677706449837	Marionette	WARN	Ignoring event 'pageshow' because document has an invalid readyState of 'interactive'.
1677706449842	Marionette	WARN	Ignoring event 'pageshow' because document has an invalid readyState of 'interactive'.
1677706449848	Marionette	WARN	Ignoring event 'pageshow' because document has an invalid readyState of 'interactive'.
1677706449853	Marionette	WARN	Ignoring event 'pageshow' because document has an invalid readyState of 'interactive'.
1677706450831	Marionette	WARN	Ignoring event 'pageshow' because document has an invalid readyState of 'interactive'.
1677706450837	Marionette	WARN	Ignoring event 'pageshow' because document has an invalid readyState of 'interactive'.
1677706450843	Marionette	WARN	Ignoring event 'pageshow' because document has an invalid readyState of 'interactive'.
1677706450851	Marionette	WARN	Ignoring event 'pageshow' because document has an invalid readyState of 'interactive'.
1677706450858	Marionette	WARN	Ignoring event 'pageshow' because document has an invalid readyState of 'interactive'.
1677706450865	Marionette	WARN	Ignoring event 'pageshow' because document has an invalid readyState of 'interactive'.
1677706450870	Marionette	WARN	Ignoring event 'pageshow' because document has an invalid readyState of 'interactive'.
1677706450875	Marionette	WARN	Ignoring event 'pageshow' because document has an invalid readyState of 'interactive'.
1677706450880	Marionette	WARN	Ignoring event 'pageshow' because document has an invalid readyState of 'interactive'.
1677706450885	Marionette	WARN	Ignoring event 'pageshow' because document has an invalid readyState of 'interactive'.
1677706451950	Marionette	WARN	Ignoring event 'pageshow' because document has an invalid readyState of 'interactive'.
1677706451961	Marionette	WARN	Ignoring event 'pageshow' because document has an invalid readyState of 'interactive'.
1677706451967	Marionette	WARN	Ignoring event 'pageshow' because document has an invalid readyState of 'interactive'.
1677706451973	Marionette	WARN	Ignoring event 'pageshow' because document has an invalid readyState of 'interactive'.
1677706451979	Marionette	WARN	Ignoring event 'pageshow' because document has an invalid readyState of 'interactive'.
1677706451987	Marionette	WARN	Ignoring event 'pageshow' because document has an invalid readyState of 'interactive'.
1677706451994	Marionette	WARN	Ignoring event 'pageshow' because document has an invalid readyState of 'interactive'.
1677706452000	Marionette	WARN	Ignoring event 'pageshow' because document has an invalid readyState of 'interactive'.
1677706452008	Marionette	WARN	Ignoring event 'pageshow' because document has an invalid readyState of 'interactive'.
1677706452014	Marionette	WARN	Ignoring event 'pageshow' because document has an invalid readyState of 'interactive'.
JavaScript error: , line 0: NS_ERROR_NOT_AVAILABLE
1:61260
1677706834706	mozrunner::runner	INFO	Running command: "C:\\Program Files\\Mozilla Firefox\\firefox.exe" "--marionette" "-headless" "--remote-debugging-port" "61261" "--remote-allow-hosts" "localhost" "-no-remote" "-profile" "C:\\Users\\ryan\\AppData\\Local\\Temp\\rust_mozprofileezI2FK"
*** You are running in headless mode.
console.warn: services.settings: Ignoring preference override of remote settings server
console.warn: services.settings: Allow by setting MOZ_REMOTE_SETTINGS_DEVTOOLS=1 in the environment
1677706835065	Marionette	INFO	Marionette enabled
Dynamically enable window occlusion 0
1677706835070	Marionette	INFO	Listening on port 61269
WebDriver BiDi listening on ws://127.0.0.1:61261
Read port: 61269
1677706835336	RemoteAgent	WARN	TLS certificate errors will be ignored for this session
[GFX1-]: RenderCompositorSWGL failed mapping default framebuffer, no dt
console.warn: SearchSettings: "get: No settings file exists, new profile?" (new NotFoundError("Could not open the file at C:\\Users\\ryan\\AppData\\Local\\Temp\\rust_mozprofileezI2FK\\search.json.mozlz4", (void 0)))
console.error: ({})
DevTools listening on ws://127.0.0.1:61261/devtools/browser/7cc46513-c39d-4c4f-a93f-23bccffc9109
JavaScript warning: https://pagead2.googlesyndication.com/bg/H2GK6uPviADyDKnnsjExBLZMgeJKrQTzBmZeZlVfawk.js line 2 > eval line 6875 > eval line 1 > eval line 1 > eval, line 1: WEBGL_debug_renderer_info is deprecated in Firefox and will be removed. Please use RENDERER.
JavaScript warning: https://z.moatads.com/zillowgamdisplay501800116559/moatad.js#moatClientLevel1=81659751&moatClientLevel2=3073313907&moatClientLevel3=6127389780&moatClientLevel4=138407227223&moatClientSlicer1=31751151&moatClientSlicer2=21885378828&zMoatPS=&zMoatAdUnitPath=/7449/zillow/search_results_1/buy_general/search_1_restricted&zMoatSZ=0x0, line 238: WEBGL_debug_renderer_info is deprecated in Firefox and will be removed. Please use RENDERER.
1677706875013	geckodriver	INFO	Listening on 127.0.0.1:61499
1677706878068	mozrunner::runner	INFO	Running command: "C:\\Program Files\\Mozilla Firefox\\firefox.exe" "--marionette" "-headless" "--remote-debugging-port" "61500" "--remote-allow-hosts" "localhost" "-no-remote" "-profile" "C:\\Users\\ryan\\AppData\\Local\\Temp\\rust_mozprofile2KSVqC"
*** You are running in headless mode.
console.warn: services.settings: Ignoring preference override of remote settings server
console.warn: services.settings: Allow by setting MOZ_REMOTE_SETTINGS_DEVTOOLS=1 in the environment
1677706878432	Marionette	INFO	Marionette enabled
Dynamically enable window occlusion 0
1677706878438	Marionette	INFO	Listening on port 61508
WebDriver BiDi listening on ws://127.0.0.1:61500
Read port: 61508
1677706878703	RemoteAgent	WARN	TLS certificate errors will be ignored for this session
[GFX1-]: RenderCompositorSWGL failed mapping default framebuffer, no dt
console.warn: SearchSettings: "get: No settings file exists, new profile?" (new NotFoundError("Could not open the file at C:\\Users\\ryan\\AppData\\Local\\Temp\\rust_mozprofile2KSVqC\\search.json.mozlz4", (void 0)))
console.error: ({})
DevTools listening on ws://127.0.0.1:61500/devtools/browser/f5afdba8-189f-41c3-b49a-64363300ea9d
1677706882749	Marionette	WARN	Ignoring event 'pageshow' because document has an invalid readyState of 'interactive'.
1677706882755	Marionette	WARN	Ignoring event 'pageshow' because document has an invalid readyState of 'interactive'.
1677706882761	Marionette	WARN	Ignoring event 'pageshow' because document has an invalid readyState of 'interactive'.
1677706882767	Marionette	WARN	Ignoring event 'pageshow' because document has an invalid readyState of 'interactive'.
1677706882772	Marionette	WARN	Ignoring event 'pageshow' because document has an invalid readyState of 'interactive'.
1677706882776	Marionette	WARN	Ignoring event 'pageshow' because document has an invalid readyState of 'interactive'.
1677706882784	Marionette	WARN	Ignoring event 'pageshow' because document has an invalid readyState of 'interactive'.
1677706882791	Marionette	WARN	Ignoring event 'pageshow' because document has an invalid readyState of 'interactive'.
1677706882803	Marionette	WARN	Ignoring event 'pageshow' because document has an invalid readyState of 'interactive'.
1677706882810	Marionette	WARN	Ignoring event 'pageshow' because document has an invalid readyState of 'interactive'.
JavaScript error: , line 0: NS_ERROR_NOT_AVAILABLE
1677729652290	geckodriver	INFO	Listening on 127.0.0.1:51221
1677729655352	mozrunner::runner	INFO	Running command: "C:\\Program Files\\Mozilla Firefox\\firefox.exe" "--marionette" "-headless" "--remote-debugging-port" "51222" "--remote-allow-hosts" "localhost" "-no-remote" "-profile" "C:\\Users\\ryan\\AppData\\Local\\Temp\\rust_mozprofileElsE5X"
*** You are running in headless mode.
console.warn: services.settings: Ignoring preference override of remote settings server
console.warn: services.settings: Allow by setting MOZ_REMOTE_SETTINGS_DEVTOOLS=1 in the environment
1677729655909	Marionette	INFO	Marionette enabled
Dynamically enable window occlusion 0
1677729655914	Marionette	INFO	Listening on port 51237
WebDriver BiDi listening on ws://127.0.0.1:51222
Read port: 51237
1677729656173	RemoteAgent	WARN	TLS certificate errors will be ignored for this session
[GFX1-]: RenderCompositorSWGL failed mapping default framebuffer, no dt
console.warn: SearchSettings: "get: No settings file exists, new profile?" (new NotFoundError("Could not open the file at C:\\Users\\ryan\\AppData\\Local\\Temp\\rust_mozprofileElsE5X\\search.json.mozlz4", (void 0)))
console.error: ({})
DevTools listening on ws://127.0.0.1:51222/devtools/browser/4ce52181-35c5-4d78-9439-19ea6ee78412
JavaScript error: , line 0: NS_ERROR_NOT_AVAILABLE
